<?xml version="1.0" encoding="UTF-8"?>
<testng-results skipped="0" failed="1" ignored="0" total="4" passed="3">
  <reporter-output>
  </reporter-output>
  <suite name="Default suite" duration-ms="20399" started-at="2019-01-09T07:14:57Z" finished-at="2019-01-09T07:15:17Z">
    <groups>
      <group name="Sanity">
        <method signature="HomePageTests.verifyLogo()[pri:0, instance:com.app.tests.HomePageTests@6440112d]" name="verifyLogo" class="com.app.tests.HomePageTests"/>
        <method signature="HomePageTests.verifyMenuNavigation()[pri:0, instance:com.app.tests.HomePageTests@6440112d]" name="verifyMenuNavigation" class="com.app.tests.HomePageTests"/>
        <method signature="HomePageTests.verifyNavTitles()[pri:0, instance:com.app.tests.HomePageTests@6440112d]" name="verifyNavTitles" class="com.app.tests.HomePageTests"/>
        <method signature="HomePageTests.verifyNewsletterInputAlert()[pri:0, instance:com.app.tests.HomePageTests@6440112d]" name="verifyNewsletterInputAlert" class="com.app.tests.HomePageTests"/>
      </group> <!-- Sanity -->
    </groups>
    <test name="Default test" duration-ms="20399" started-at="2019-01-09T07:14:57Z" finished-at="2019-01-09T07:15:17Z">
      <class name="com.app.tests.HomePageTests">
        <test-method status="PASS" signature="verifyLogo()[pri:0, instance:com.app.tests.HomePageTests@6440112d]" name="verifyLogo" duration-ms="60" started-at="2019-01-09T07:14:57Z" finished-at="2019-01-09T07:14:57Z">
          <reporter-output>
          </reporter-output>
        </test-method> <!-- verifyLogo -->
        <test-method status="PASS" signature="afterMethod(org.testng.ITestResult)[pri:0, instance:com.app.tests.HomePageTests@6440112d]" name="afterMethod" is-config="true" duration-ms="1" started-at="2019-01-09T07:14:57Z" finished-at="2019-01-09T07:14:57Z">
          <params>
            <param index="0">
              <value>
                <![CDATA[[TestResult name=verifyLogo status=SUCCESS method=HomePageTests.verifyLogo()[pri:0, instance:com.app.tests.HomePageTests@6440112d] output={null}]]]>
              </value>
            </param>
          </params>
          <reporter-output>
          </reporter-output>
        </test-method> <!-- afterMethod -->
        <test-method status="PASS" signature="verifyMenuNavigation()[pri:0, instance:com.app.tests.HomePageTests@6440112d]" name="verifyMenuNavigation" duration-ms="13086" started-at="2019-01-09T07:14:57Z" finished-at="2019-01-09T07:15:10Z">
          <reporter-output>
          </reporter-output>
        </test-method> <!-- verifyMenuNavigation -->
        <test-method status="PASS" signature="afterMethod(org.testng.ITestResult)[pri:0, instance:com.app.tests.HomePageTests@6440112d]" name="afterMethod" is-config="true" duration-ms="1" started-at="2019-01-09T07:15:10Z" finished-at="2019-01-09T07:15:10Z">
          <params>
            <param index="0">
              <value>
                <![CDATA[[TestResult name=verifyMenuNavigation status=SUCCESS method=HomePageTests.verifyMenuNavigation()[pri:0, instance:com.app.tests.HomePageTests@6440112d] output={null}]]]>
              </value>
            </param>
          </params>
          <reporter-output>
          </reporter-output>
        </test-method> <!-- afterMethod -->
        <test-method status="FAIL" signature="verifyNavTitles()[pri:0, instance:com.app.tests.HomePageTests@6440112d]" name="verifyNavTitles" duration-ms="145" started-at="2019-01-09T07:15:10Z" finished-at="2019-01-09T07:15:10Z">
          <exception class="java.lang.AssertionError">
            <message>
              <![CDATA[Failed: T-Shirts page is not displayed expected [false] but found [true]]]>
            </message>
            <full-stacktrace>
              <![CDATA[java.lang.AssertionError: Failed: T-Shirts page is not displayed expected [false] but found [true]
at org.testng.Assert.fail(Assert.java:96)
at org.testng.Assert.failNotEquals(Assert.java:776)
at org.testng.Assert.assertFalse(Assert.java:65)
at com.app.tests.HomePageTests.verifyNavTitles(HomePageTests.java:36)
at sun.reflect.NativeMethodAccessorImpl.invoke0(Native Method)
at sun.reflect.NativeMethodAccessorImpl.invoke(NativeMethodAccessorImpl.java:62)
at sun.reflect.DelegatingMethodAccessorImpl.invoke(DelegatingMethodAccessorImpl.java:43)
at java.lang.reflect.Method.invoke(Method.java:498)
at org.testng.internal.MethodInvocationHelper.invokeMethod(MethodInvocationHelper.java:124)
at org.testng.internal.Invoker.invokeMethod(Invoker.java:580)
at org.testng.internal.Invoker.invokeTestMethod(Invoker.java:716)
at org.testng.internal.Invoker.invokeTestMethods(Invoker.java:988)
at org.testng.internal.TestMethodWorker.invokeTestMethods(TestMethodWorker.java:125)
at org.testng.internal.TestMethodWorker.run(TestMethodWorker.java:109)
at org.testng.TestRunner.privateRun(TestRunner.java:648)
at org.testng.TestRunner.run(TestRunner.java:505)
at org.testng.SuiteRunner.runTest(SuiteRunner.java:455)
at org.testng.SuiteRunner.runSequentially(SuiteRunner.java:450)
at org.testng.SuiteRunner.privateRun(SuiteRunner.java:415)
at org.testng.SuiteRunner.run(SuiteRunner.java:364)
at org.testng.SuiteRunnerWorker.runSuite(SuiteRunnerWorker.java:52)
at org.testng.SuiteRunnerWorker.run(SuiteRunnerWorker.java:84)
at org.testng.TestNG.runSuitesSequentially(TestNG.java:1208)
at org.testng.TestNG.runSuitesLocally(TestNG.java:1137)
at org.testng.TestNG.runSuites(TestNG.java:1049)
at org.testng.TestNG.run(TestNG.java:1017)
at org.testng.remote.AbstractRemoteTestNG.run(AbstractRemoteTestNG.java:114)
at org.testng.remote.RemoteTestNG.initAndRun(RemoteTestNG.java:251)
at org.testng.remote.RemoteTestNG.main(RemoteTestNG.java:77)
]]>
            </full-stacktrace>
          </exception> <!-- java.lang.AssertionError -->
          <reporter-output>
          </reporter-output>
        </test-method> <!-- verifyNavTitles -->
        <test-method status="PASS" signature="afterMethod(org.testng.ITestResult)[pri:0, instance:com.app.tests.HomePageTests@6440112d]" name="afterMethod" is-config="true" duration-ms="779" started-at="2019-01-09T07:15:10Z" finished-at="2019-01-09T07:15:11Z">
          <params>
            <param index="0">
              <value>
                <![CDATA[[TestResult name=verifyNavTitles status=FAILURE method=HomePageTests.verifyNavTitles()[pri:0, instance:com.app.tests.HomePageTests@6440112d] output={null}]]]>
              </value>
            </param>
          </params>
          <reporter-output>
          </reporter-output>
        </test-method> <!-- afterMethod -->
        <test-method status="PASS" signature="verifyNewsletterInputAlert()[pri:0, instance:com.app.tests.HomePageTests@6440112d]" name="verifyNewsletterInputAlert" duration-ms="6292" started-at="2019-01-09T07:15:11Z" finished-at="2019-01-09T07:15:17Z">
          <reporter-output>
          </reporter-output>
        </test-method> <!-- verifyNewsletterInputAlert -->
        <test-method status="PASS" signature="afterMethod(org.testng.ITestResult)[pri:0, instance:com.app.tests.HomePageTests@6440112d]" name="afterMethod" is-config="true" duration-ms="0" started-at="2019-01-09T07:15:17Z" finished-at="2019-01-09T07:15:17Z">
          <params>
            <param index="0">
              <value>
                <![CDATA[[TestResult name=verifyNewsletterInputAlert status=SUCCESS method=HomePageTests.verifyNewsletterInputAlert()[pri:0, instance:com.app.tests.HomePageTests@6440112d] output={null}]]]>
              </value>
            </param>
          </params>
          <reporter-output>
          </reporter-output>
        </test-method> <!-- afterMethod -->
      </class> <!-- com.app.tests.HomePageTests -->
    </test> <!-- Default test -->
  </suite> <!-- Default suite -->
</testng-results>
